<?xml version="1.0" encoding="UTF-8"?>
<!-- Generated by org.testng.reporters.JUnitReportReporter -->
<testsuite hostname="RITESH" failures="0" tests="2" name="Academy.HomePage" time="30.779" errors="0" timestamp="2022-08-11T13:56:09 IST" skipped="0">
  <testcase classname="Academy.HomePage" name="basePageNavigation" time="3.402"/>
  <system-out/>
  <testcase classname="Academy.HomePage" name="basePageNavigation" time="27.377"/>
  <system-out/>
</testsuite> <!-- Academy.HomePage -->
