<?xml version="1.0" encoding="UTF-8"?>
<!-- Generated by org.testng.reporters.JUnitReportReporter -->
<testsuite hostname="RITESH" failures="0" tests="1" name="Academy.validateNavigationBar" time="0.044" errors="0" timestamp="2022-08-11T13:56:09 IST" skipped="0">
  <testcase classname="Academy.validateNavigationBar" name="validateAppNavBar" time="0.044"/>
  <system-out/>
</testsuite> <!-- Academy.validateNavigationBar -->
